[debug] ----------------------------------------------------------------------
[debug] Command:      /usr/local/bin/node /usr/local/bin/firebase deploy
[debug] CLI Version:  3.7.0
[debug] Platform:     linux
[debug] Node Version: v7.6.0
[debug] Time:         Sun May 14 2017 03:41:48 GMT+0530 (IST)
[debug] ----------------------------------------------------------------------
[debug] 
[debug] > command requires scopes: ["email","openid","https://www.googleapis.com/auth/cloudplatformprojects.readonly","https://www.googleapis.com/auth/firebase","https://www.googleapis.com/auth/cloud-platform"]
[debug] > refreshing access token with scopes: ["email","https://www.googleapis.com/auth/cloud-platform","https://www.googleapis.com/auth/cloudplatformprojects.readonly","https://www.googleapis.com/auth/firebase","openid"]
[debug] >>> HTTP REQUEST POST https://www.googleapis.com/oauth2/v3/token { refresh_token: '1/2tInhJ31d2VFgCbWBFnWCGbea53jstFHXCMcUG25NrI',
  client_id: '563584335869-fgrhgmd47bqnekij5i8b5pr03ho849e6.apps.googleusercontent.com',
  client_secret: 'j9iVZfS8kkCEFUPaAeJV0sAi',
  grant_type: 'refresh_token',
  scope: 'email https://www.googleapis.com/auth/cloud-platform https://www.googleapis.com/auth/cloudplatformprojects.readonly https://www.googleapis.com/auth/firebase openid' } 
 Sun May 14 2017 03:41:48 GMT+0530 (IST)
[debug] <<< HTTP RESPONSE 200
[debug] >>> HTTP REQUEST GET https://admin.firebase.com/v1/projects/my-website-f4006  
 Sun May 14 2017 03:41:53 GMT+0530 (IST)
[debug] <<< HTTP RESPONSE 200
[debug] >>> HTTP REQUEST GET https://admin.firebase.com/v1/database/my-website-f4006/tokens  
 Sun May 14 2017 03:41:59 GMT+0530 (IST)
[debug] <<< HTTP RESPONSE 200
[info] 
[info] === Deploying to 'my-website-f4006'...
[info] 
[info] i  deploying hosting
[info] i  hosting: preparing build directory for upload...
[debug] >>> HTTP REQUEST PUT https://deploy.firebase.com/v1/hosting/my-website-f4006/uploads/-Kk2rdZ_NHcKYpt3vIWA?fileCount=36&message=  
 Sun May 14 2017 03:42:19 GMT+0530 (IST)
[debug] Error: 140342313060224:error:1408F10B:SSL routines:SSL3_GET_RECORD:wrong version number:../deps/openssl/openssl/ssl/s3_pkt.c:365:

[error] 
[error] Error: Server Error. 140342313060224:error:1408F10B:SSL routines:SSL3_GET_RECORD:wrong version number:../deps/openssl/openssl/ssl/s3_pkt.c:365:

